  ProyectoFinal.cpp
D:\Escuela\Semestre 2022-2\Lab de Compu Grafica\Repositorio\316299644_ProyectoFinal_GPO12\ProyectoFinal\ProyectoFinal\ProyectoFinal.cpp(66,21): warning C4305: 'inicializando': truncamiento de 'double' a 'float'
D:\Escuela\Semestre 2022-2\Lab de Compu Grafica\Repositorio\316299644_ProyectoFinal_GPO12\ProyectoFinal\ProyectoFinal\ProyectoFinal.cpp(254,30): warning C4244: 'inicializando': conversión de 'double' a 'GLfloat'; posible pérdida de datos
D:\Escuela\Semestre 2022-2\Lab de Compu Grafica\Repositorio\316299644_ProyectoFinal_GPO12\ProyectoFinal\ProyectoFinal\ProyectoFinal.cpp(292,27): warning C4244: '=': conversión de 'double' a 'T'; posible pérdida de datos
          with
          [
              T=float
          ]
D:\Escuela\Semestre 2022-2\Lab de Compu Grafica\Repositorio\316299644_ProyectoFinal_GPO12\ProyectoFinal\ProyectoFinal\ProyectoFinal.cpp(293,27): warning C4244: '=': conversión de 'double' a 'T'; posible pérdida de datos
          with
          [
              T=float
          ]
D:\Escuela\Semestre 2022-2\Lab de Compu Grafica\Repositorio\316299644_ProyectoFinal_GPO12\ProyectoFinal\ProyectoFinal\ProyectoFinal.cpp(294,27): warning C4244: '=': conversión de 'double' a 'T'; posible pérdida de datos
          with
          [
              T=float
          ]
D:\Escuela\Semestre 2022-2\Lab de Compu Grafica\Repositorio\316299644_ProyectoFinal_GPO12\ProyectoFinal\ProyectoFinal\ProyectoFinal.cpp(614,28): warning C4305: '+=': truncamiento de 'double' a 'float'
D:\Escuela\Semestre 2022-2\Lab de Compu Grafica\Repositorio\316299644_ProyectoFinal_GPO12\ProyectoFinal\ProyectoFinal\ProyectoFinal.cpp(620,34): warning C4305: '=': truncamiento de 'double' a 'float'
D:\Escuela\Semestre 2022-2\Lab de Compu Grafica\Repositorio\316299644_ProyectoFinal_GPO12\ProyectoFinal\ProyectoFinal\ProyectoFinal.cpp(628,28): warning C4305: '+=': truncamiento de 'double' a 'float'
D:\Escuela\Semestre 2022-2\Lab de Compu Grafica\Repositorio\316299644_ProyectoFinal_GPO12\ProyectoFinal\ProyectoFinal\ProyectoFinal.cpp(648,28): warning C4305: '+=': truncamiento de 'double' a 'float'
D:\Escuela\Semestre 2022-2\Lab de Compu Grafica\Repositorio\316299644_ProyectoFinal_GPO12\ProyectoFinal\ProyectoFinal\ProyectoFinal.cpp(667,28): warning C4305: '+=': truncamiento de 'double' a 'float'
D:\Escuela\Semestre 2022-2\Lab de Compu Grafica\Repositorio\316299644_ProyectoFinal_GPO12\ProyectoFinal\ProyectoFinal\ProyectoFinal.cpp(749,17): warning C4244: '=': conversión de 'double' a 'GLfloat'; posible pérdida de datos
D:\Escuela\Semestre 2022-2\Lab de Compu Grafica\Repositorio\316299644_ProyectoFinal_GPO12\ProyectoFinal\ProyectoFinal\ProyectoFinal.cpp(750,17): warning C4244: '=': conversión de 'double' a 'GLfloat'; posible pérdida de datos
D:\Escuela\Semestre 2022-2\Lab de Compu Grafica\Repositorio\316299644_ProyectoFinal_GPO12\ProyectoFinal\ProyectoFinal\ProyectoFinal.cpp(754,21): warning C4244: 'inicializando': conversión de 'double' a 'GLfloat'; posible pérdida de datos
D:\Escuela\Semestre 2022-2\Lab de Compu Grafica\Repositorio\316299644_ProyectoFinal_GPO12\ProyectoFinal\ProyectoFinal\ProyectoFinal.cpp(755,21): warning C4244: 'inicializando': conversión de 'double' a 'GLfloat'; posible pérdida de datos
D:\Escuela\Semestre 2022-2\Lab de Compu Grafica\Repositorio\316299644_ProyectoFinal_GPO12\ProyectoFinal\ProyectoFinal\ProyectoFinal.cpp(757,13): warning C4244: '=': conversión de 'double' a 'GLfloat'; posible pérdida de datos
D:\Escuela\Semestre 2022-2\Lab de Compu Grafica\Repositorio\316299644_ProyectoFinal_GPO12\ProyectoFinal\ProyectoFinal\ProyectoFinal.cpp(758,13): warning C4244: '=': conversión de 'double' a 'GLfloat'; posible pérdida de datos
LINK : warning LNK4098: la biblioteca predeterminada'MSVCRT' entra en conflicto con otras bibliotecas; use la biblioteca /NODEFAULTLIB:biblioteca
soil2-debug.lib(etc1_utils.obj) : warning LNK4099: no se encontró PDB 'soil2-debug.pdb' con 'soil2-debug.lib(etc1_utils.obj)' o en 'D:\Escuela\Semestre 2022-2\Lab de Compu Grafica\Repositorio\316299644_ProyectoFinal_GPO12\ProyectoFinal\Debug\soil2-debug.pdb'; se vinculará el objeto sin tener en cuenta información de depuración
soil2-debug.lib(image_DXT.obj) : warning LNK4099: no se encontró PDB 'soil2-debug.pdb' con 'soil2-debug.lib(image_DXT.obj)' o en 'D:\Escuela\Semestre 2022-2\Lab de Compu Grafica\Repositorio\316299644_ProyectoFinal_GPO12\ProyectoFinal\Debug\soil2-debug.pdb'; se vinculará el objeto sin tener en cuenta información de depuración
soil2-debug.lib(image_helper.obj) : warning LNK4099: no se encontró PDB 'soil2-debug.pdb' con 'soil2-debug.lib(image_helper.obj)' o en 'D:\Escuela\Semestre 2022-2\Lab de Compu Grafica\Repositorio\316299644_ProyectoFinal_GPO12\ProyectoFinal\Debug\soil2-debug.pdb'; se vinculará el objeto sin tener en cuenta información de depuración
soil2-debug.lib(SOIL2.obj) : warning LNK4099: no se encontró PDB 'soil2-debug.pdb' con 'soil2-debug.lib(SOIL2.obj)' o en 'D:\Escuela\Semestre 2022-2\Lab de Compu Grafica\Repositorio\316299644_ProyectoFinal_GPO12\ProyectoFinal\Debug\soil2-debug.pdb'; se vinculará el objeto sin tener en cuenta información de depuración
  ProyectoFinal.vcxproj -> D:\Escuela\Semestre 2022-2\Lab de Compu Grafica\Repositorio\316299644_ProyectoFinal_GPO12\ProyectoFinal\Debug\ProyectoFinal.exe
